<?xml version="1.0" encoding="UTF-8"?>

<mule xmlns:salesforce="http://www.mulesoft.org/schema/mule/salesforce" xmlns:scripting="http://www.mulesoft.org/schema/mule/scripting"
    xmlns:xsi="http://www.w3.org/2001/XMLSchema-instance" xmlns:munit="http://www.mulesoft.org/schema/mule/munit" xmlns:munit-tools="http://www.mulesoft.org/schema/mule/munit-tools"
    xmlns="http://www.mulesoft.org/schema/mule/core" xmlns:doc="http://www.mulesoft.org/schema/mule/documentation"
    xsi:schemaLocation="
http://www.mulesoft.org/schema/mule/scripting http://www.mulesoft.org/schema/mule/scripting/current/mule-scripting.xsd 
		http://www.mulesoft.org/schema/mule/core http://www.mulesoft.org/schema/mule/core/current/mule.xsd
		http://www.mulesoft.org/schema/mule/munit http://www.mulesoft.org/schema/mule/munit/current/mule-munit.xsd
		http://www.mulesoft.org/schema/mule/munit-tools  http://www.mulesoft.org/schema/mule/munit-tools/current/mule-munit-tools.xsd
http://www.mulesoft.org/schema/mule/salesforce http://www.mulesoft.org/schema/mule/salesforce/current/mule-salesforce.xsd">
    <munit:config name="test-suite.xml" />
    <configuration-properties doc:name="Configuration properties" doc:id="a5d1e6f1-077a-49fc-9cd4-57eb014d1af7" file="mule.test.properties" />

    <munit:before-test name="test-suite-Before_Test" description="Before tests actions" doc:id="8f4b6353-c6a1-43ce-ae39-3b389a4ce23d">
        <set-variable value="#[MunitTools::getResourceAsString('idoc.xml')]" doc:name="Set iDoc message to variable" doc:id="406e0cb9-e67d-41f0-9fef-8c5fd6922bea"
            variableName="iDoc" mimeType="application/xml" />
    </munit:before-test>
    
    <munit:test name="test-suiteTest" description="MUnit Test" doc:id="2027a0fe-8713-4367-9c99-278009efb99d">
        <munit:execution>
            <set-payload value="#[vars.iDoc]" doc:name="Set IDoc message to Payload" doc:id="cb01104d-62ae-4f05-bcf0-f94cee41dfaf"
                mimeType="application/xml" />
            <flow-ref doc:name="Call businessLogicFlow" doc:id="89f4d18f-5253-4305-aac6-aa1ccec024e8" name="businessLogicFlow" />
            <scripting:execute engine="groovy" doc:name="Sleep for 30s until the processing is completed" doc:id="d513c010-9507-487d-8ea0-351e25ddfe33">
                <scripting:code>sleep(30000)</scripting:code>
            </scripting:execute>
			<salesforce:query doc:name="Query record should be created in Salesforce" doc:id="5a007b1d-7dfb-4bf3-ad03-d2ced442424c"
                config-ref="Salesforce_Sfdc_config" target="resultCreated">
                <salesforce:salesforce-query>SELECT Id FROM Product2 WHERE sap_external_id__c = ':sapId'</salesforce:salesforce-query>
                <salesforce:parameters><![CDATA[#[output application/java
---
{
    "sapId" : vars.iDoc.MATMAS01.IDOC.E1MARAM.MATNR
}]]]></salesforce:parameters>
            </salesforce:query>
        </munit:execution>
        <munit:validation>
            <munit-tools:assert-that doc:name="Assert that record was added to Salesforce" doc:id="08b9eb7b-21f5-4b14-852f-956e01de26d2"
                expression="#[vars.resultCreated]" is="#[MunitTools::notNullValue()]" message="Record wasn't added to Salesforce" />
            <munit-tools:verify-call doc:name="Verify salesforce:upsert call" doc:id="566bfff0-4705-4a65-b556-5c4a66079cb1"
                processor="salesforce:upsert" times="1" />
        </munit:validation>
    </munit:test>

    <munit:after-test name="test-suite-After_Test" description="After tests actions" doc:id="67bc61e5-e7e6-42ff-93d0-a90cd8ab0fe4">
        <salesforce:delete doc:name="Delete test data from Salesforce" doc:id="911bd34f-e823-4eb1-a6f3-a62efc75e037" config-ref="Salesforce_Sfdc_config">
            <salesforce:ids><![CDATA[#[vars.resultCreated.Id]]]></salesforce:ids>
        </salesforce:delete>
    </munit:after-test>
</mule>
